[INFO ] 2022-07-30 13:13:14.951 [main] log - Contact Test Pass
[WARN ] 2022-07-30 13:13:14.956 [main] log - display warn message
[FATAL] 2022-07-30 13:13:14.956 [main] log - its display
[ERROR] 2022-07-30 13:13:14.956 [main] log -  display errors
[DEBUG] 2022-07-30 13:13:14.956 [main] log - debug
[INFO ] 2022-07-30 13:13:14.957 [main] log - Contact Test Pass
[WARN ] 2022-07-30 13:13:14.957 [main] log - display warn message
[FATAL] 2022-07-30 13:13:14.957 [main] log - its display
[ERROR] 2022-07-30 13:13:14.957 [main] log -  display errors
[DEBUG] 2022-07-30 13:13:14.957 [main] log - debug
[INFO ] 2022-07-30 13:13:14.957 [main] log - Contact Test Pass
[WARN ] 2022-07-30 13:13:14.958 [main] log - display warn message
[FATAL] 2022-07-30 13:13:14.963 [main] log - its display
[ERROR] 2022-07-30 13:13:14.963 [main] log -  display errors
[DEBUG] 2022-07-30 13:13:14.963 [main] log - debug
[INFO ] 2022-07-30 13:13:14.964 [main] log - Contact Test Pass
[WARN ] 2022-07-30 13:13:14.964 [main] log - display warn message
[FATAL] 2022-07-30 13:13:14.964 [main] log - its display
[ERROR] 2022-07-30 13:13:14.965 [main] log -  display errors
[DEBUG] 2022-07-30 13:13:14.965 [main] log - debug
[INFO ] 2022-07-30 13:13:14.965 [main] log - Contact Test Pass
[WARN ] 2022-07-30 13:13:14.965 [main] log - display warn message
[FATAL] 2022-07-30 13:13:14.966 [main] log - its display
[ERROR] 2022-07-30 13:13:14.966 [main] log -  display errors
[DEBUG] 2022-07-30 13:13:14.966 [main] log - debug
[INFO ] 2022-07-30 13:13:27.192 [main] log - Contact Test Pass
[WARN ] 2022-07-30 13:13:27.192 [main] log - display warn message
[FATAL] 2022-07-30 13:13:27.192 [main] log - its display
[ERROR] 2022-07-30 13:13:27.192 [main] log -  display errors
[DEBUG] 2022-07-30 13:13:27.192 [main] log - debug
[INFO ] 2022-07-30 13:13:27.193 [main] log - Contact Test Pass
[WARN ] 2022-07-30 13:13:27.193 [main] log - display warn message
[FATAL] 2022-07-30 13:13:27.193 [main] log - its display
[ERROR] 2022-07-30 13:13:27.193 [main] log -  display errors
[DEBUG] 2022-07-30 13:13:27.193 [main] log - debug
[INFO ] 2022-07-30 13:13:27.193 [main] log - Contact Test Pass
[WARN ] 2022-07-30 13:13:27.193 [main] log - display warn message
[FATAL] 2022-07-30 13:13:27.193 [main] log - its display
[ERROR] 2022-07-30 13:13:27.193 [main] log -  display errors
[DEBUG] 2022-07-30 13:13:27.193 [main] log - debug
[INFO ] 2022-07-30 13:13:27.193 [main] log - Contact Test Pass
[WARN ] 2022-07-30 13:13:27.193 [main] log - display warn message
[FATAL] 2022-07-30 13:13:27.193 [main] log - its display
[ERROR] 2022-07-30 13:13:27.194 [main] log -  display errors
[DEBUG] 2022-07-30 13:13:27.194 [main] log - debug
[INFO ] 2022-07-30 13:13:27.194 [main] log - Contact Test Pass
[WARN ] 2022-07-30 13:13:27.194 [main] log - display warn message
[FATAL] 2022-07-30 13:13:27.194 [main] log - its display
[ERROR] 2022-07-30 13:13:27.194 [main] log -  display errors
[DEBUG] 2022-07-30 13:13:27.194 [main] log - debug
[INFO ] 2022-07-30 13:13:39.742 [main] log - Contact Test Pass
[WARN ] 2022-07-30 13:13:39.743 [main] log - display warn message
[FATAL] 2022-07-30 13:13:39.744 [main] log - its display
[ERROR] 2022-07-30 13:13:39.744 [main] log -  display errors
[DEBUG] 2022-07-30 13:13:39.745 [main] log - debug
[INFO ] 2022-07-30 13:13:39.745 [main] log - Contact Test Pass
[WARN ] 2022-07-30 13:13:39.745 [main] log - display warn message
[FATAL] 2022-07-30 13:13:39.745 [main] log - its display
[ERROR] 2022-07-30 13:13:39.745 [main] log -  display errors
[DEBUG] 2022-07-30 13:13:39.746 [main] log - debug
[INFO ] 2022-07-30 13:13:39.746 [main] log - Contact Test Pass
[WARN ] 2022-07-30 13:13:39.747 [main] log - display warn message
[FATAL] 2022-07-30 13:13:39.747 [main] log - its display
[ERROR] 2022-07-30 13:13:39.748 [main] log -  display errors
[DEBUG] 2022-07-30 13:13:39.748 [main] log - debug
[INFO ] 2022-07-30 13:13:39.748 [main] log - Contact Test Pass
[WARN ] 2022-07-30 13:13:39.748 [main] log - display warn message
[FATAL] 2022-07-30 13:13:39.748 [main] log - its display
[ERROR] 2022-07-30 13:13:39.749 [main] log -  display errors
[DEBUG] 2022-07-30 13:13:39.749 [main] log - debug
[INFO ] 2022-07-30 13:13:39.749 [main] log - Contact Test Pass
[WARN ] 2022-07-30 13:13:39.749 [main] log - display warn message
[FATAL] 2022-07-30 13:13:39.749 [main] log - its display
[ERROR] 2022-07-30 13:13:39.749 [main] log -  display errors
[DEBUG] 2022-07-30 13:13:39.749 [main] log - debug
[INFO ] 2022-07-30 13:13:45.687 [main] log - Contact Test Pass
[WARN ] 2022-07-30 13:13:45.687 [main] log - display warn message
[FATAL] 2022-07-30 13:13:45.687 [main] log - its display
[ERROR] 2022-07-30 13:13:45.688 [main] log -  display errors
[DEBUG] 2022-07-30 13:13:45.688 [main] log - debug
[INFO ] 2022-07-30 13:13:45.688 [main] log - Contact Test Pass
[WARN ] 2022-07-30 13:13:45.688 [main] log - display warn message
[FATAL] 2022-07-30 13:13:45.688 [main] log - its display
[ERROR] 2022-07-30 13:13:45.688 [main] log -  display errors
[DEBUG] 2022-07-30 13:13:45.688 [main] log - debug
[INFO ] 2022-07-30 13:13:45.689 [main] log - Contact Test Pass
[WARN ] 2022-07-30 13:13:45.689 [main] log - display warn message
[FATAL] 2022-07-30 13:13:45.689 [main] log - its display
[ERROR] 2022-07-30 13:13:45.689 [main] log -  display errors
[DEBUG] 2022-07-30 13:13:45.689 [main] log - debug
[INFO ] 2022-07-30 13:13:45.689 [main] log - Contact Test Pass
[WARN ] 2022-07-30 13:13:45.689 [main] log - display warn message
[FATAL] 2022-07-30 13:13:45.689 [main] log - its display
[ERROR] 2022-07-30 13:13:45.689 [main] log -  display errors
[DEBUG] 2022-07-30 13:13:45.690 [main] log - debug
[INFO ] 2022-07-30 13:13:45.690 [main] log - Contact Test Pass
[WARN ] 2022-07-30 13:13:45.690 [main] log - display warn message
[FATAL] 2022-07-30 13:13:45.690 [main] log - its display
[ERROR] 2022-07-30 13:13:45.690 [main] log -  display errors
[DEBUG] 2022-07-30 13:13:45.691 [main] log - debug
[INFO ] 2022-07-30 13:13:57.517 [main] log - Contact Test Pass
[WARN ] 2022-07-30 13:13:57.517 [main] log - display warn message
[FATAL] 2022-07-30 13:13:57.517 [main] log - its display
[ERROR] 2022-07-30 13:13:57.517 [main] log -  display errors
[DEBUG] 2022-07-30 13:13:57.517 [main] log - debug
[INFO ] 2022-07-30 13:13:57.517 [main] log - Contact Test Pass
[WARN ] 2022-07-30 13:13:57.517 [main] log - display warn message
[FATAL] 2022-07-30 13:13:57.518 [main] log - its display
[ERROR] 2022-07-30 13:13:57.518 [main] log -  display errors
[DEBUG] 2022-07-30 13:13:57.518 [main] log - debug
[INFO ] 2022-07-30 13:13:57.518 [main] log - Contact Test Pass
[WARN ] 2022-07-30 13:13:57.518 [main] log - display warn message
[FATAL] 2022-07-30 13:13:57.518 [main] log - its display
[ERROR] 2022-07-30 13:13:57.518 [main] log -  display errors
[DEBUG] 2022-07-30 13:13:57.518 [main] log - debug
[INFO ] 2022-07-30 13:13:57.518 [main] log - Contact Test Pass
[WARN ] 2022-07-30 13:13:57.518 [main] log - display warn message
[FATAL] 2022-07-30 13:13:57.518 [main] log - its display
[ERROR] 2022-07-30 13:13:57.518 [main] log -  display errors
[DEBUG] 2022-07-30 13:13:57.518 [main] log - debug
[INFO ] 2022-07-30 13:13:57.519 [main] log - Contact Test Pass
[WARN ] 2022-07-30 13:13:57.519 [main] log - display warn message
[FATAL] 2022-07-30 13:13:57.519 [main] log - its display
[ERROR] 2022-07-30 13:13:57.519 [main] log -  display errors
[DEBUG] 2022-07-30 13:13:57.519 [main] log - debug
[INFO ] 2022-07-30 13:14:02.795 [main] log - Contact Test Pass
[WARN ] 2022-07-30 13:14:02.795 [main] log - display warn message
[FATAL] 2022-07-30 13:14:02.795 [main] log - its display
[ERROR] 2022-07-30 13:14:02.796 [main] log -  display errors
[DEBUG] 2022-07-30 13:14:02.796 [main] log - debug
[INFO ] 2022-07-30 13:14:02.796 [main] log - Contact Test Pass
[WARN ] 2022-07-30 13:14:02.796 [main] log - display warn message
[FATAL] 2022-07-30 13:14:02.796 [main] log - its display
[ERROR] 2022-07-30 13:14:02.796 [main] log -  display errors
[DEBUG] 2022-07-30 13:14:02.796 [main] log - debug
[INFO ] 2022-07-30 13:14:02.796 [main] log - Contact Test Pass
[WARN ] 2022-07-30 13:14:02.797 [main] log - display warn message
[FATAL] 2022-07-30 13:14:02.797 [main] log - its display
[ERROR] 2022-07-30 13:14:02.797 [main] log -  display errors
[DEBUG] 2022-07-30 13:14:02.797 [main] log - debug
[INFO ] 2022-07-30 13:14:02.797 [main] log - Contact Test Pass
[WARN ] 2022-07-30 13:14:02.797 [main] log - display warn message
[FATAL] 2022-07-30 13:14:02.797 [main] log - its display
[ERROR] 2022-07-30 13:14:02.797 [main] log -  display errors
[DEBUG] 2022-07-30 13:14:02.797 [main] log - debug
[INFO ] 2022-07-30 13:14:02.798 [main] log - Contact Test Pass
[WARN ] 2022-07-30 13:14:02.798 [main] log - display warn message
[FATAL] 2022-07-30 13:14:02.798 [main] log - its display
[ERROR] 2022-07-30 13:14:02.798 [main] log -  display errors
[DEBUG] 2022-07-30 13:14:02.798 [main] log - debug
[INFO ] 2022-07-30 13:14:23.127 [main] log - Contact Test Pass
[WARN ] 2022-07-30 13:14:23.127 [main] log - display warn message
[FATAL] 2022-07-30 13:14:23.127 [main] log - its display
[ERROR] 2022-07-30 13:14:23.127 [main] log -  display errors
[DEBUG] 2022-07-30 13:14:23.128 [main] log - debug
[INFO ] 2022-07-30 13:14:23.128 [main] log - Contact Test Pass
[WARN ] 2022-07-30 13:14:23.128 [main] log - display warn message
[FATAL] 2022-07-30 13:14:23.128 [main] log - its display
[ERROR] 2022-07-30 13:14:23.128 [main] log -  display errors
[DEBUG] 2022-07-30 13:14:23.128 [main] log - debug
[INFO ] 2022-07-30 13:14:23.128 [main] log - Contact Test Pass
[WARN ] 2022-07-30 13:14:23.128 [main] log - display warn message
[FATAL] 2022-07-30 13:14:23.128 [main] log - its display
[ERROR] 2022-07-30 13:14:23.128 [main] log -  display errors
[DEBUG] 2022-07-30 13:14:23.128 [main] log - debug
[INFO ] 2022-07-30 13:14:23.128 [main] log - Contact Test Pass
[WARN ] 2022-07-30 13:14:23.128 [main] log - display warn message
[FATAL] 2022-07-30 13:14:23.128 [main] log - its display
[ERROR] 2022-07-30 13:14:23.128 [main] log -  display errors
[DEBUG] 2022-07-30 13:14:23.128 [main] log - debug
[INFO ] 2022-07-30 13:14:23.128 [main] log - Contact Test Pass
[WARN ] 2022-07-30 13:14:23.128 [main] log - display warn message
[FATAL] 2022-07-30 13:14:23.128 [main] log - its display
[ERROR] 2022-07-30 13:14:23.129 [main] log -  display errors
[DEBUG] 2022-07-30 13:14:23.129 [main] log - debug
[INFO ] 2022-07-30 13:14:34.949 [main] log - Contact Test Pass
[WARN ] 2022-07-30 13:14:34.950 [main] log - display warn message
[FATAL] 2022-07-30 13:14:34.950 [main] log - its display
[ERROR] 2022-07-30 13:14:34.950 [main] log -  display errors
[DEBUG] 2022-07-30 13:14:34.950 [main] log - debug
[INFO ] 2022-07-30 13:14:34.950 [main] log - Contact Test Pass
[WARN ] 2022-07-30 13:14:34.950 [main] log - display warn message
[FATAL] 2022-07-30 13:14:34.950 [main] log - its display
[ERROR] 2022-07-30 13:14:34.951 [main] log -  display errors
[DEBUG] 2022-07-30 13:14:34.951 [main] log - debug
[INFO ] 2022-07-30 13:14:34.951 [main] log - Contact Test Pass
[WARN ] 2022-07-30 13:14:34.951 [main] log - display warn message
[FATAL] 2022-07-30 13:14:34.952 [main] log - its display
[ERROR] 2022-07-30 13:14:34.952 [main] log -  display errors
[DEBUG] 2022-07-30 13:14:34.952 [main] log - debug
[INFO ] 2022-07-30 13:14:34.952 [main] log - Contact Test Pass
[WARN ] 2022-07-30 13:14:34.952 [main] log - display warn message
[FATAL] 2022-07-30 13:14:34.952 [main] log - its display
[ERROR] 2022-07-30 13:14:34.952 [main] log -  display errors
[DEBUG] 2022-07-30 13:14:34.953 [main] log - debug
[INFO ] 2022-07-30 13:14:34.953 [main] log - Contact Test Pass
[WARN ] 2022-07-30 13:14:34.953 [main] log - display warn message
[FATAL] 2022-07-30 13:14:34.953 [main] log - its display
[ERROR] 2022-07-30 13:14:34.953 [main] log -  display errors
[DEBUG] 2022-07-30 13:14:34.953 [main] log - debug
[INFO ] 2022-07-30 15:05:03.581 [main] log - Contact Test Pass
[WARN ] 2022-07-30 15:05:03.584 [main] log - display warn message
[FATAL] 2022-07-30 15:05:03.584 [main] log - its display
[ERROR] 2022-07-30 15:05:03.584 [main] log -  display errors
[DEBUG] 2022-07-30 15:05:03.584 [main] log - debug
[INFO ] 2022-07-30 15:05:03.584 [main] log - Contact Test Pass
[WARN ] 2022-07-30 15:05:03.584 [main] log - display warn message
[FATAL] 2022-07-30 15:05:03.585 [main] log - its display
[ERROR] 2022-07-30 15:05:03.585 [main] log -  display errors
[DEBUG] 2022-07-30 15:05:03.585 [main] log - debug
[INFO ] 2022-07-30 15:05:03.585 [main] log - Contact Test Pass
[WARN ] 2022-07-30 15:05:03.585 [main] log - display warn message
[FATAL] 2022-07-30 15:05:03.585 [main] log - its display
[ERROR] 2022-07-30 15:05:03.585 [main] log -  display errors
[DEBUG] 2022-07-30 15:05:03.585 [main] log - debug
[INFO ] 2022-07-30 15:05:03.585 [main] log - Contact Test Pass
[WARN ] 2022-07-30 15:05:03.585 [main] log - display warn message
[FATAL] 2022-07-30 15:05:03.585 [main] log - its display
[ERROR] 2022-07-30 15:05:03.585 [main] log -  display errors
[DEBUG] 2022-07-30 15:05:03.586 [main] log - debug
[INFO ] 2022-07-30 15:05:03.586 [main] log - Contact Test Pass
[WARN ] 2022-07-30 15:05:03.586 [main] log - display warn message
[FATAL] 2022-07-30 15:05:03.586 [main] log - its display
[ERROR] 2022-07-30 15:05:03.586 [main] log -  display errors
[DEBUG] 2022-07-30 15:05:03.586 [main] log - debug
[INFO ] 2022-07-30 15:05:22.175 [main] log - Contact Test Pass
[WARN ] 2022-07-30 15:05:22.176 [main] log - display warn message
[FATAL] 2022-07-30 15:05:22.176 [main] log - its display
[ERROR] 2022-07-30 15:05:22.176 [main] log -  display errors
[DEBUG] 2022-07-30 15:05:22.176 [main] log - debug
[INFO ] 2022-07-30 15:05:22.176 [main] log - Contact Test Pass
[WARN ] 2022-07-30 15:05:22.176 [main] log - display warn message
[FATAL] 2022-07-30 15:05:22.176 [main] log - its display
[ERROR] 2022-07-30 15:05:22.176 [main] log -  display errors
[DEBUG] 2022-07-30 15:05:22.177 [main] log - debug
[INFO ] 2022-07-30 15:05:22.177 [main] log - Contact Test Pass
[WARN ] 2022-07-30 15:05:22.177 [main] log - display warn message
[FATAL] 2022-07-30 15:05:22.177 [main] log - its display
[ERROR] 2022-07-30 15:05:22.177 [main] log -  display errors
[DEBUG] 2022-07-30 15:05:22.177 [main] log - debug
[INFO ] 2022-07-30 15:05:22.177 [main] log - Contact Test Pass
[WARN ] 2022-07-30 15:05:22.177 [main] log - display warn message
[FATAL] 2022-07-30 15:05:22.178 [main] log - its display
[ERROR] 2022-07-30 15:05:22.179 [main] log -  display errors
[DEBUG] 2022-07-30 15:05:22.179 [main] log - debug
[INFO ] 2022-07-30 15:05:22.179 [main] log - Contact Test Pass
[WARN ] 2022-07-30 15:05:22.180 [main] log - display warn message
[FATAL] 2022-07-30 15:05:22.180 [main] log - its display
[ERROR] 2022-07-30 15:05:22.180 [main] log -  display errors
[DEBUG] 2022-07-30 15:05:22.180 [main] log - debug
[INFO ] 2022-07-30 15:05:29.905 [main] log - Contact Test Pass
[WARN ] 2022-07-30 15:05:29.905 [main] log - display warn message
[FATAL] 2022-07-30 15:05:29.906 [main] log - its display
[ERROR] 2022-07-30 15:05:29.906 [main] log -  display errors
[DEBUG] 2022-07-30 15:05:29.906 [main] log - debug
[INFO ] 2022-07-30 15:05:29.906 [main] log - Contact Test Pass
[WARN ] 2022-07-30 15:05:29.906 [main] log - display warn message
[FATAL] 2022-07-30 15:05:29.906 [main] log - its display
[ERROR] 2022-07-30 15:05:29.906 [main] log -  display errors
[DEBUG] 2022-07-30 15:05:29.906 [main] log - debug
[INFO ] 2022-07-30 15:05:29.906 [main] log - Contact Test Pass
[WARN ] 2022-07-30 15:05:29.907 [main] log - display warn message
[FATAL] 2022-07-30 15:05:29.907 [main] log - its display
[ERROR] 2022-07-30 15:05:29.907 [main] log -  display errors
[DEBUG] 2022-07-30 15:05:29.907 [main] log - debug
[INFO ] 2022-07-30 15:05:29.907 [main] log - Contact Test Pass
[WARN ] 2022-07-30 15:05:29.907 [main] log - display warn message
[FATAL] 2022-07-30 15:05:29.907 [main] log - its display
[ERROR] 2022-07-30 15:05:29.907 [main] log -  display errors
[DEBUG] 2022-07-30 15:05:29.907 [main] log - debug
[INFO ] 2022-07-30 15:05:29.907 [main] log - Contact Test Pass
[WARN ] 2022-07-30 15:05:29.908 [main] log - display warn message
[FATAL] 2022-07-30 15:05:29.908 [main] log - its display
[ERROR] 2022-07-30 15:05:29.908 [main] log -  display errors
[DEBUG] 2022-07-30 15:05:29.908 [main] log - debug
[INFO ] 2022-07-30 15:05:45.048 [main] log - Contact Test Pass
[WARN ] 2022-07-30 15:05:45.049 [main] log - display warn message
[FATAL] 2022-07-30 15:05:45.049 [main] log - its display
[ERROR] 2022-07-30 15:05:45.049 [main] log -  display errors
[DEBUG] 2022-07-30 15:05:45.049 [main] log - debug
[INFO ] 2022-07-30 15:05:45.049 [main] log - Contact Test Pass
[WARN ] 2022-07-30 15:05:45.050 [main] log - display warn message
[FATAL] 2022-07-30 15:05:45.050 [main] log - its display
[ERROR] 2022-07-30 15:05:45.050 [main] log -  display errors
[DEBUG] 2022-07-30 15:05:45.050 [main] log - debug
[INFO ] 2022-07-30 15:05:45.050 [main] log - Contact Test Pass
[WARN ] 2022-07-30 15:05:45.050 [main] log - display warn message
[FATAL] 2022-07-30 15:05:45.050 [main] log - its display
[ERROR] 2022-07-30 15:05:45.050 [main] log -  display errors
[DEBUG] 2022-07-30 15:05:45.051 [main] log - debug
[INFO ] 2022-07-30 15:05:45.051 [main] log - Contact Test Pass
[WARN ] 2022-07-30 15:05:45.051 [main] log - display warn message
[FATAL] 2022-07-30 15:05:45.051 [main] log - its display
[ERROR] 2022-07-30 15:05:45.051 [main] log -  display errors
[DEBUG] 2022-07-30 15:05:45.051 [main] log - debug
[INFO ] 2022-07-30 15:05:45.051 [main] log - Contact Test Pass
[WARN ] 2022-07-30 15:05:45.051 [main] log - display warn message
[FATAL] 2022-07-30 15:05:45.051 [main] log - its display
[ERROR] 2022-07-30 15:05:45.051 [main] log -  display errors
[DEBUG] 2022-07-30 15:05:45.051 [main] log - debug
[INFO ] 2022-07-30 15:06:05.344 [main] log - Contact Test Pass
[WARN ] 2022-07-30 15:06:05.344 [main] log - display warn message
[FATAL] 2022-07-30 15:06:05.344 [main] log - its display
[ERROR] 2022-07-30 15:06:05.344 [main] log -  display errors
[DEBUG] 2022-07-30 15:06:05.344 [main] log - debug
[INFO ] 2022-07-30 15:06:05.344 [main] log - Contact Test Pass
[WARN ] 2022-07-30 15:06:05.345 [main] log - display warn message
[FATAL] 2022-07-30 15:06:05.345 [main] log - its display
[ERROR] 2022-07-30 15:06:05.345 [main] log -  display errors
[DEBUG] 2022-07-30 15:06:05.345 [main] log - debug
[INFO ] 2022-07-30 15:06:05.345 [main] log - Contact Test Pass
[WARN ] 2022-07-30 15:06:05.345 [main] log - display warn message
[FATAL] 2022-07-30 15:06:05.345 [main] log - its display
[ERROR] 2022-07-30 15:06:05.345 [main] log -  display errors
[DEBUG] 2022-07-30 15:06:05.345 [main] log - debug
[INFO ] 2022-07-30 15:06:05.345 [main] log - Contact Test Pass
[WARN ] 2022-07-30 15:06:05.345 [main] log - display warn message
[FATAL] 2022-07-30 15:06:05.345 [main] log - its display
[ERROR] 2022-07-30 15:06:05.345 [main] log -  display errors
[DEBUG] 2022-07-30 15:06:05.345 [main] log - debug
[INFO ] 2022-07-30 15:06:05.345 [main] log - Contact Test Pass
[WARN ] 2022-07-30 15:06:05.345 [main] log - display warn message
[FATAL] 2022-07-30 15:06:05.345 [main] log - its display
[ERROR] 2022-07-30 15:06:05.346 [main] log -  display errors
[DEBUG] 2022-07-30 15:06:05.346 [main] log - debug
[INFO ] 2022-07-30 15:06:13.962 [main] log - Contact Test Pass
[WARN ] 2022-07-30 15:06:13.962 [main] log - display warn message
[FATAL] 2022-07-30 15:06:13.962 [main] log - its display
[ERROR] 2022-07-30 15:06:13.962 [main] log -  display errors
[DEBUG] 2022-07-30 15:06:13.962 [main] log - debug
[INFO ] 2022-07-30 15:06:13.962 [main] log - Contact Test Pass
[WARN ] 2022-07-30 15:06:13.962 [main] log - display warn message
[FATAL] 2022-07-30 15:06:13.962 [main] log - its display
[ERROR] 2022-07-30 15:06:13.962 [main] log -  display errors
[DEBUG] 2022-07-30 15:06:13.963 [main] log - debug
[INFO ] 2022-07-30 15:06:13.963 [main] log - Contact Test Pass
[WARN ] 2022-07-30 15:06:13.963 [main] log - display warn message
[FATAL] 2022-07-30 15:06:13.963 [main] log - its display
[ERROR] 2022-07-30 15:06:13.963 [main] log -  display errors
[DEBUG] 2022-07-30 15:06:13.963 [main] log - debug
[INFO ] 2022-07-30 15:06:13.963 [main] log - Contact Test Pass
[WARN ] 2022-07-30 15:06:13.963 [main] log - display warn message
[FATAL] 2022-07-30 15:06:13.963 [main] log - its display
[ERROR] 2022-07-30 15:06:13.963 [main] log -  display errors
[DEBUG] 2022-07-30 15:06:13.963 [main] log - debug
[INFO ] 2022-07-30 15:06:13.963 [main] log - Contact Test Pass
[WARN ] 2022-07-30 15:06:13.963 [main] log - display warn message
[FATAL] 2022-07-30 15:06:13.963 [main] log - its display
[ERROR] 2022-07-30 15:06:13.963 [main] log -  display errors
[DEBUG] 2022-07-30 15:06:13.964 [main] log - debug
[INFO ] 2022-07-30 15:34:00.442 [main] log - Contact Test Pass
[WARN ] 2022-07-30 15:34:00.447 [main] log - display warn message
[FATAL] 2022-07-30 15:34:00.447 [main] log - its display
[ERROR] 2022-07-30 15:34:00.447 [main] log -  display errors
[DEBUG] 2022-07-30 15:34:00.447 [main] log - debug
[INFO ] 2022-07-30 15:34:00.447 [main] log - Contact Test Pass
[WARN ] 2022-07-30 15:34:00.448 [main] log - display warn message
[FATAL] 2022-07-30 15:34:00.448 [main] log - its display
[ERROR] 2022-07-30 15:34:00.448 [main] log -  display errors
[DEBUG] 2022-07-30 15:34:00.448 [main] log - debug
[INFO ] 2022-07-30 15:34:00.448 [main] log - Contact Test Pass
[WARN ] 2022-07-30 15:34:00.448 [main] log - display warn message
[FATAL] 2022-07-30 15:34:00.448 [main] log - its display
[ERROR] 2022-07-30 15:34:00.448 [main] log -  display errors
[DEBUG] 2022-07-30 15:34:00.448 [main] log - debug
[INFO ] 2022-07-30 15:34:00.449 [main] log - Contact Test Pass
[WARN ] 2022-07-30 15:34:00.449 [main] log - display warn message
[FATAL] 2022-07-30 15:34:00.449 [main] log - its display
[ERROR] 2022-07-30 15:34:00.449 [main] log -  display errors
[DEBUG] 2022-07-30 15:34:00.449 [main] log - debug
[INFO ] 2022-07-30 15:34:00.449 [main] log - Contact Test Pass
[WARN ] 2022-07-30 15:34:00.449 [main] log - display warn message
[FATAL] 2022-07-30 15:34:00.449 [main] log - its display
[ERROR] 2022-07-30 15:34:00.449 [main] log -  display errors
[DEBUG] 2022-07-30 15:34:00.449 [main] log - debug
[INFO ] 2022-07-30 15:34:08.112 [main] log - Contact Test Pass
[WARN ] 2022-07-30 15:34:08.112 [main] log - display warn message
[FATAL] 2022-07-30 15:34:08.113 [main] log - its display
[ERROR] 2022-07-30 15:34:08.113 [main] log -  display errors
[DEBUG] 2022-07-30 15:34:08.113 [main] log - debug
[INFO ] 2022-07-30 15:34:08.113 [main] log - Contact Test Pass
[WARN ] 2022-07-30 15:34:08.113 [main] log - display warn message
[FATAL] 2022-07-30 15:34:08.113 [main] log - its display
[ERROR] 2022-07-30 15:34:08.113 [main] log -  display errors
[DEBUG] 2022-07-30 15:34:08.113 [main] log - debug
[INFO ] 2022-07-30 15:34:08.113 [main] log - Contact Test Pass
[WARN ] 2022-07-30 15:34:08.113 [main] log - display warn message
[FATAL] 2022-07-30 15:34:08.113 [main] log - its display
[ERROR] 2022-07-30 15:34:08.113 [main] log -  display errors
[DEBUG] 2022-07-30 15:34:08.113 [main] log - debug
[INFO ] 2022-07-30 15:34:08.113 [main] log - Contact Test Pass
[WARN ] 2022-07-30 15:34:08.114 [main] log - display warn message
[FATAL] 2022-07-30 15:34:08.114 [main] log - its display
[ERROR] 2022-07-30 15:34:08.114 [main] log -  display errors
[DEBUG] 2022-07-30 15:34:08.114 [main] log - debug
[INFO ] 2022-07-30 15:34:08.114 [main] log - Contact Test Pass
[WARN ] 2022-07-30 15:34:08.114 [main] log - display warn message
[FATAL] 2022-07-30 15:34:08.114 [main] log - its display
[ERROR] 2022-07-30 15:34:08.114 [main] log -  display errors
[DEBUG] 2022-07-30 15:34:08.114 [main] log - debug
[INFO ] 2022-07-30 15:34:17.637 [main] log - Contact Test Pass
[WARN ] 2022-07-30 15:34:17.638 [main] log - display warn message
[FATAL] 2022-07-30 15:34:17.638 [main] log - its display
[ERROR] 2022-07-30 15:34:17.638 [main] log -  display errors
[DEBUG] 2022-07-30 15:34:17.638 [main] log - debug
[INFO ] 2022-07-30 15:34:17.638 [main] log - Contact Test Pass
[WARN ] 2022-07-30 15:34:17.638 [main] log - display warn message
[FATAL] 2022-07-30 15:34:17.639 [main] log - its display
[ERROR] 2022-07-30 15:34:17.639 [main] log -  display errors
[DEBUG] 2022-07-30 15:34:17.639 [main] log - debug
[INFO ] 2022-07-30 15:34:17.639 [main] log - Contact Test Pass
[WARN ] 2022-07-30 15:34:17.639 [main] log - display warn message
[FATAL] 2022-07-30 15:34:17.639 [main] log - its display
[ERROR] 2022-07-30 15:34:17.639 [main] log -  display errors
[DEBUG] 2022-07-30 15:34:17.639 [main] log - debug
[INFO ] 2022-07-30 15:34:17.640 [main] log - Contact Test Pass
[WARN ] 2022-07-30 15:34:17.640 [main] log - display warn message
[FATAL] 2022-07-30 15:34:17.640 [main] log - its display
[ERROR] 2022-07-30 15:34:17.640 [main] log -  display errors
[DEBUG] 2022-07-30 15:34:17.640 [main] log - debug
[INFO ] 2022-07-30 15:34:17.640 [main] log - Contact Test Pass
[WARN ] 2022-07-30 15:34:17.640 [main] log - display warn message
[FATAL] 2022-07-30 15:34:17.640 [main] log - its display
[ERROR] 2022-07-30 15:34:17.640 [main] log -  display errors
[DEBUG] 2022-07-30 15:34:17.640 [main] log - debug
[INFO ] 2022-07-30 15:34:35.638 [main] log - Contact Test Pass
[WARN ] 2022-07-30 15:34:35.638 [main] log - display warn message
[FATAL] 2022-07-30 15:34:35.639 [main] log - its display
[ERROR] 2022-07-30 15:34:35.639 [main] log -  display errors
[DEBUG] 2022-07-30 15:34:35.639 [main] log - debug
[INFO ] 2022-07-30 15:34:35.639 [main] log - Contact Test Pass
[WARN ] 2022-07-30 15:34:35.639 [main] log - display warn message
[FATAL] 2022-07-30 15:34:35.639 [main] log - its display
[ERROR] 2022-07-30 15:34:35.640 [main] log -  display errors
[DEBUG] 2022-07-30 15:34:35.640 [main] log - debug
[INFO ] 2022-07-30 15:34:35.641 [main] log - Contact Test Pass
[WARN ] 2022-07-30 15:34:35.642 [main] log - display warn message
[FATAL] 2022-07-30 15:34:35.642 [main] log - its display
[ERROR] 2022-07-30 15:34:35.643 [main] log -  display errors
[DEBUG] 2022-07-30 15:34:35.643 [main] log - debug
[INFO ] 2022-07-30 15:34:35.643 [main] log - Contact Test Pass
[WARN ] 2022-07-30 15:34:35.643 [main] log - display warn message
[FATAL] 2022-07-30 15:34:35.643 [main] log - its display
[ERROR] 2022-07-30 15:34:35.643 [main] log -  display errors
[DEBUG] 2022-07-30 15:34:35.643 [main] log - debug
[INFO ] 2022-07-30 15:34:35.643 [main] log - Contact Test Pass
[WARN ] 2022-07-30 15:34:35.644 [main] log - display warn message
[FATAL] 2022-07-30 15:34:35.644 [main] log - its display
[ERROR] 2022-07-30 15:34:35.644 [main] log -  display errors
[DEBUG] 2022-07-30 15:34:35.644 [main] log - debug
[INFO ] 2022-07-30 15:34:59.215 [main] log - Contact Test Pass
[WARN ] 2022-07-30 15:34:59.215 [main] log - display warn message
[FATAL] 2022-07-30 15:34:59.215 [main] log - its display
[ERROR] 2022-07-30 15:34:59.215 [main] log -  display errors
[DEBUG] 2022-07-30 15:34:59.216 [main] log - debug
[INFO ] 2022-07-30 15:34:59.216 [main] log - Contact Test Pass
[WARN ] 2022-07-30 15:34:59.216 [main] log - display warn message
[FATAL] 2022-07-30 15:34:59.216 [main] log - its display
[ERROR] 2022-07-30 15:34:59.216 [main] log -  display errors
[DEBUG] 2022-07-30 15:34:59.216 [main] log - debug
[INFO ] 2022-07-30 15:34:59.216 [main] log - Contact Test Pass
[WARN ] 2022-07-30 15:34:59.216 [main] log - display warn message
[FATAL] 2022-07-30 15:34:59.217 [main] log - its display
[ERROR] 2022-07-30 15:34:59.217 [main] log -  display errors
[DEBUG] 2022-07-30 15:34:59.217 [main] log - debug
[INFO ] 2022-07-30 15:34:59.217 [main] log - Contact Test Pass
[WARN ] 2022-07-30 15:34:59.217 [main] log - display warn message
[FATAL] 2022-07-30 15:34:59.217 [main] log - its display
[ERROR] 2022-07-30 15:34:59.217 [main] log -  display errors
[DEBUG] 2022-07-30 15:34:59.217 [main] log - debug
[INFO ] 2022-07-30 15:34:59.218 [main] log - Contact Test Pass
[WARN ] 2022-07-30 15:34:59.218 [main] log - display warn message
[FATAL] 2022-07-30 15:34:59.218 [main] log - its display
[ERROR] 2022-07-30 15:34:59.218 [main] log -  display errors
[DEBUG] 2022-07-30 15:34:59.218 [main] log - debug
[INFO ] 2022-07-30 15:35:16.447 [main] log - Contact Test Pass
[WARN ] 2022-07-30 15:35:16.447 [main] log - display warn message
[FATAL] 2022-07-30 15:35:16.447 [main] log - its display
[ERROR] 2022-07-30 15:35:16.448 [main] log -  display errors
[DEBUG] 2022-07-30 15:35:16.448 [main] log - debug
[INFO ] 2022-07-30 15:35:16.448 [main] log - Contact Test Pass
[WARN ] 2022-07-30 15:35:16.448 [main] log - display warn message
[FATAL] 2022-07-30 15:35:16.448 [main] log - its display
[ERROR] 2022-07-30 15:35:16.448 [main] log -  display errors
[DEBUG] 2022-07-30 15:35:16.448 [main] log - debug
[INFO ] 2022-07-30 15:35:16.448 [main] log - Contact Test Pass
[WARN ] 2022-07-30 15:35:16.448 [main] log - display warn message
[FATAL] 2022-07-30 15:35:16.448 [main] log - its display
[ERROR] 2022-07-30 15:35:16.448 [main] log -  display errors
[DEBUG] 2022-07-30 15:35:16.448 [main] log - debug
[INFO ] 2022-07-30 15:35:16.448 [main] log - Contact Test Pass
[WARN ] 2022-07-30 15:35:16.448 [main] log - display warn message
[FATAL] 2022-07-30 15:35:16.448 [main] log - its display
[ERROR] 2022-07-30 15:35:16.448 [main] log -  display errors
[DEBUG] 2022-07-30 15:35:16.448 [main] log - debug
[INFO ] 2022-07-30 15:35:16.449 [main] log - Contact Test Pass
[WARN ] 2022-07-30 15:35:16.449 [main] log - display warn message
[FATAL] 2022-07-30 15:35:16.449 [main] log - its display
[ERROR] 2022-07-30 15:35:16.449 [main] log -  display errors
[DEBUG] 2022-07-30 15:35:16.449 [main] log - debug
[INFO ] 2022-07-30 15:37:03.981 [main] log - Contact Test Pass
[WARN ] 2022-07-30 15:37:03.987 [main] log - display warn message
[FATAL] 2022-07-30 15:37:03.987 [main] log - its display
[ERROR] 2022-07-30 15:37:03.987 [main] log -  display errors
[DEBUG] 2022-07-30 15:37:03.987 [main] log - debug
[INFO ] 2022-07-30 15:37:03.987 [main] log - Contact Test Pass
[WARN ] 2022-07-30 15:37:03.987 [main] log - display warn message
[FATAL] 2022-07-30 15:37:03.987 [main] log - its display
[ERROR] 2022-07-30 15:37:03.987 [main] log -  display errors
[DEBUG] 2022-07-30 15:37:03.987 [main] log - debug
[INFO ] 2022-07-30 15:37:03.988 [main] log - Contact Test Pass
[WARN ] 2022-07-30 15:37:03.988 [main] log - display warn message
[FATAL] 2022-07-30 15:37:03.988 [main] log - its display
[ERROR] 2022-07-30 15:37:03.988 [main] log -  display errors
[DEBUG] 2022-07-30 15:37:03.988 [main] log - debug
[INFO ] 2022-07-30 15:37:03.988 [main] log - Contact Test Pass
[WARN ] 2022-07-30 15:37:03.988 [main] log - display warn message
[FATAL] 2022-07-30 15:37:03.988 [main] log - its display
[ERROR] 2022-07-30 15:37:03.988 [main] log -  display errors
[DEBUG] 2022-07-30 15:37:03.988 [main] log - debug
[INFO ] 2022-07-30 15:37:03.988 [main] log - Contact Test Pass
[WARN ] 2022-07-30 15:37:03.989 [main] log - display warn message
[FATAL] 2022-07-30 15:37:03.989 [main] log - its display
[ERROR] 2022-07-30 15:37:03.989 [main] log -  display errors
[DEBUG] 2022-07-30 15:37:03.989 [main] log - debug
[INFO ] 2022-07-30 15:37:15.168 [main] log - Contact Test Pass
[WARN ] 2022-07-30 15:37:15.168 [main] log - display warn message
[FATAL] 2022-07-30 15:37:15.168 [main] log - its display
[ERROR] 2022-07-30 15:37:15.168 [main] log -  display errors
[DEBUG] 2022-07-30 15:37:15.168 [main] log - debug
[INFO ] 2022-07-30 15:37:15.168 [main] log - Contact Test Pass
[WARN ] 2022-07-30 15:37:15.168 [main] log - display warn message
[FATAL] 2022-07-30 15:37:15.168 [main] log - its display
[ERROR] 2022-07-30 15:37:15.169 [main] log -  display errors
[DEBUG] 2022-07-30 15:37:15.169 [main] log - debug
[INFO ] 2022-07-30 15:37:15.169 [main] log - Contact Test Pass
[WARN ] 2022-07-30 15:37:15.169 [main] log - display warn message
[FATAL] 2022-07-30 15:37:15.169 [main] log - its display
[ERROR] 2022-07-30 15:37:15.169 [main] log -  display errors
[DEBUG] 2022-07-30 15:37:15.169 [main] log - debug
[INFO ] 2022-07-30 15:37:15.169 [main] log - Contact Test Pass
[WARN ] 2022-07-30 15:37:15.169 [main] log - display warn message
[FATAL] 2022-07-30 15:37:15.169 [main] log - its display
[ERROR] 2022-07-30 15:37:15.169 [main] log -  display errors
[DEBUG] 2022-07-30 15:37:15.169 [main] log - debug
[INFO ] 2022-07-30 15:37:15.170 [main] log - Contact Test Pass
[WARN ] 2022-07-30 15:37:15.170 [main] log - display warn message
[FATAL] 2022-07-30 15:37:15.170 [main] log - its display
[ERROR] 2022-07-30 15:37:15.170 [main] log -  display errors
[DEBUG] 2022-07-30 15:37:15.170 [main] log - debug
[INFO ] 2022-07-30 15:37:21.229 [main] log - Contact Test Pass
[WARN ] 2022-07-30 15:37:21.230 [main] log - display warn message
[FATAL] 2022-07-30 15:37:21.230 [main] log - its display
[ERROR] 2022-07-30 15:37:21.231 [main] log -  display errors
[DEBUG] 2022-07-30 15:37:21.232 [main] log - debug
[INFO ] 2022-07-30 15:37:21.232 [main] log - Contact Test Pass
[WARN ] 2022-07-30 15:37:21.233 [main] log - display warn message
[FATAL] 2022-07-30 15:37:21.233 [main] log - its display
[ERROR] 2022-07-30 15:37:21.233 [main] log -  display errors
[DEBUG] 2022-07-30 15:37:21.233 [main] log - debug
[INFO ] 2022-07-30 15:37:21.233 [main] log - Contact Test Pass
[WARN ] 2022-07-30 15:37:21.233 [main] log - display warn message
[FATAL] 2022-07-30 15:37:21.233 [main] log - its display
[ERROR] 2022-07-30 15:37:21.233 [main] log -  display errors
[DEBUG] 2022-07-30 15:37:21.234 [main] log - debug
[INFO ] 2022-07-30 15:37:21.234 [main] log - Contact Test Pass
[WARN ] 2022-07-30 15:37:21.234 [main] log - display warn message
[FATAL] 2022-07-30 15:37:21.234 [main] log - its display
[ERROR] 2022-07-30 15:37:21.234 [main] log -  display errors
[DEBUG] 2022-07-30 15:37:21.234 [main] log - debug
[INFO ] 2022-07-30 15:37:21.234 [main] log - Contact Test Pass
[WARN ] 2022-07-30 15:37:21.234 [main] log - display warn message
[FATAL] 2022-07-30 15:37:21.234 [main] log - its display
[ERROR] 2022-07-30 15:37:21.235 [main] log -  display errors
[DEBUG] 2022-07-30 15:37:21.235 [main] log - debug
[INFO ] 2022-07-30 15:37:27.464 [main] log - Contact Test Pass
[WARN ] 2022-07-30 15:37:27.464 [main] log - display warn message
[FATAL] 2022-07-30 15:37:27.464 [main] log - its display
[ERROR] 2022-07-30 15:37:27.464 [main] log -  display errors
[DEBUG] 2022-07-30 15:37:27.464 [main] log - debug
[INFO ] 2022-07-30 15:37:27.464 [main] log - Contact Test Pass
[WARN ] 2022-07-30 15:37:27.465 [main] log - display warn message
[FATAL] 2022-07-30 15:37:27.465 [main] log - its display
[ERROR] 2022-07-30 15:37:27.465 [main] log -  display errors
[DEBUG] 2022-07-30 15:37:27.465 [main] log - debug
[INFO ] 2022-07-30 15:37:27.465 [main] log - Contact Test Pass
[WARN ] 2022-07-30 15:37:27.465 [main] log - display warn message
[FATAL] 2022-07-30 15:37:27.465 [main] log - its display
[ERROR] 2022-07-30 15:37:27.465 [main] log -  display errors
[DEBUG] 2022-07-30 15:37:27.466 [main] log - debug
[INFO ] 2022-07-30 15:37:27.466 [main] log - Contact Test Pass
[WARN ] 2022-07-30 15:37:27.466 [main] log - display warn message
[FATAL] 2022-07-30 15:37:27.466 [main] log - its display
[ERROR] 2022-07-30 15:37:27.466 [main] log -  display errors
[DEBUG] 2022-07-30 15:37:27.466 [main] log - debug
[INFO ] 2022-07-30 15:37:27.466 [main] log - Contact Test Pass
[WARN ] 2022-07-30 15:37:27.467 [main] log - display warn message
[FATAL] 2022-07-30 15:37:27.467 [main] log - its display
[ERROR] 2022-07-30 15:37:27.467 [main] log -  display errors
[DEBUG] 2022-07-30 15:37:27.467 [main] log - debug
[INFO ] 2022-07-30 15:37:37.528 [main] log - Contact Test Pass
[WARN ] 2022-07-30 15:37:37.529 [main] log - display warn message
[FATAL] 2022-07-30 15:37:37.529 [main] log - its display
[ERROR] 2022-07-30 15:37:37.529 [main] log -  display errors
[DEBUG] 2022-07-30 15:37:37.529 [main] log - debug
[INFO ] 2022-07-30 15:37:37.529 [main] log - Contact Test Pass
[WARN ] 2022-07-30 15:37:37.529 [main] log - display warn message
[FATAL] 2022-07-30 15:37:37.529 [main] log - its display
[ERROR] 2022-07-30 15:37:37.529 [main] log -  display errors
[DEBUG] 2022-07-30 15:37:37.529 [main] log - debug
[INFO ] 2022-07-30 15:37:37.529 [main] log - Contact Test Pass
[WARN ] 2022-07-30 15:37:37.529 [main] log - display warn message
[FATAL] 2022-07-30 15:37:37.529 [main] log - its display
[ERROR] 2022-07-30 15:37:37.529 [main] log -  display errors
[DEBUG] 2022-07-30 15:37:37.529 [main] log - debug
[INFO ] 2022-07-30 15:37:37.530 [main] log - Contact Test Pass
[WARN ] 2022-07-30 15:37:37.530 [main] log - display warn message
[FATAL] 2022-07-30 15:37:37.530 [main] log - its display
[ERROR] 2022-07-30 15:37:37.530 [main] log -  display errors
[DEBUG] 2022-07-30 15:37:37.530 [main] log - debug
[INFO ] 2022-07-30 15:37:37.530 [main] log - Contact Test Pass
[WARN ] 2022-07-30 15:37:37.530 [main] log - display warn message
[FATAL] 2022-07-30 15:37:37.530 [main] log - its display
[ERROR] 2022-07-30 15:37:37.531 [main] log -  display errors
[DEBUG] 2022-07-30 15:37:37.531 [main] log - debug
[INFO ] 2022-07-30 15:37:42.495 [main] log - Contact Test Pass
[WARN ] 2022-07-30 15:37:42.495 [main] log - display warn message
[FATAL] 2022-07-30 15:37:42.496 [main] log - its display
[ERROR] 2022-07-30 15:37:42.496 [main] log -  display errors
[DEBUG] 2022-07-30 15:37:42.496 [main] log - debug
[INFO ] 2022-07-30 15:37:42.496 [main] log - Contact Test Pass
[WARN ] 2022-07-30 15:37:42.496 [main] log - display warn message
[FATAL] 2022-07-30 15:37:42.496 [main] log - its display
[ERROR] 2022-07-30 15:37:42.496 [main] log -  display errors
[DEBUG] 2022-07-30 15:37:42.496 [main] log - debug
[INFO ] 2022-07-30 15:37:42.496 [main] log - Contact Test Pass
[WARN ] 2022-07-30 15:37:42.496 [main] log - display warn message
[FATAL] 2022-07-30 15:37:42.496 [main] log - its display
[ERROR] 2022-07-30 15:37:42.497 [main] log -  display errors
[DEBUG] 2022-07-30 15:37:42.497 [main] log - debug
[INFO ] 2022-07-30 15:37:42.497 [main] log - Contact Test Pass
[WARN ] 2022-07-30 15:37:42.497 [main] log - display warn message
[FATAL] 2022-07-30 15:37:42.497 [main] log - its display
[ERROR] 2022-07-30 15:37:42.497 [main] log -  display errors
[DEBUG] 2022-07-30 15:37:42.497 [main] log - debug
[INFO ] 2022-07-30 15:37:42.497 [main] log - Contact Test Pass
[WARN ] 2022-07-30 15:37:42.497 [main] log - display warn message
[FATAL] 2022-07-30 15:37:42.498 [main] log - its display
[ERROR] 2022-07-30 15:37:42.499 [main] log -  display errors
[DEBUG] 2022-07-30 15:37:42.499 [main] log - debug
[INFO ] 2022-07-30 15:38:06.593 [main] log - Contact Test Pass
[WARN ] 2022-07-30 15:38:06.593 [main] log - display warn message
[FATAL] 2022-07-30 15:38:06.593 [main] log - its display
[ERROR] 2022-07-30 15:38:06.593 [main] log -  display errors
[DEBUG] 2022-07-30 15:38:06.593 [main] log - debug
[INFO ] 2022-07-30 15:38:06.593 [main] log - Contact Test Pass
[WARN ] 2022-07-30 15:38:06.593 [main] log - display warn message
[FATAL] 2022-07-30 15:38:06.593 [main] log - its display
[ERROR] 2022-07-30 15:38:06.594 [main] log -  display errors
[DEBUG] 2022-07-30 15:38:06.594 [main] log - debug
[INFO ] 2022-07-30 15:38:06.594 [main] log - Contact Test Pass
[WARN ] 2022-07-30 15:38:06.594 [main] log - display warn message
[FATAL] 2022-07-30 15:38:06.594 [main] log - its display
[ERROR] 2022-07-30 15:38:06.594 [main] log -  display errors
[DEBUG] 2022-07-30 15:38:06.594 [main] log - debug
[INFO ] 2022-07-30 15:38:06.594 [main] log - Contact Test Pass
[WARN ] 2022-07-30 15:38:06.594 [main] log - display warn message
[FATAL] 2022-07-30 15:38:06.594 [main] log - its display
[ERROR] 2022-07-30 15:38:06.594 [main] log -  display errors
[DEBUG] 2022-07-30 15:38:06.594 [main] log - debug
[INFO ] 2022-07-30 15:38:06.594 [main] log - Contact Test Pass
[WARN ] 2022-07-30 15:38:06.594 [main] log - display warn message
[FATAL] 2022-07-30 15:38:06.595 [main] log - its display
[ERROR] 2022-07-30 15:38:06.595 [main] log -  display errors
[DEBUG] 2022-07-30 15:38:06.595 [main] log - debug
